{"level":"info","message":"Сервер ініціалізовано, Winston працює","timestamp":"2026-05-08 16:14:32"}
{"level":"info","message":"Сервер ініціалізовано, Winston працює","timestamp":"2026-05-08 16:18:51"}
{"level":"error","message":"Помилка: Тестова помилка сервера! | Маршрут: /test-error | Метод: GET","timestamp":"2026-05-08 16:19:03"}
{"level":"info","message":"Сервер працює на порту 3000","timestamp":"2026-05-09 00:03:54"}
{"level":"error","message":"Тестова помилка сервера! - /test-error","timestamp":"2026-05-09 00:04:06"}
{"level":"info","message":"GET /test-error - 8ms","timestamp":"2026-05-09 00:04:06"}
{"level":"info","message":"GET /status - 2ms","timestamp":"2026-05-09 00:04:11"}
{"level":"error","message":"Unexpected end of form - /upload","timestamp":"2026-05-09 00:07:30"}
{"level":"info","message":"POST /upload - 4ms","timestamp":"2026-05-09 00:07:30"}
{"level":"info","message":"Сервер працює на порту 3000","timestamp":"2026-05-11 16:47:00"}
{"level":"info","message":"POST /upload - 17ms","timestamp":"2026-05-11 16:49:31"}
{"level":"info","message":"GET /status - 5ms","timestamp":"2026-05-12 00:56:22"}
{"level":"info","message":"GET /status - 1ms","timestamp":"2026-05-12 00:56:23"}
{"level":"error","message":"Тестова помилка сервера! - /test-error","timestamp":"2026-05-12 00:59:07"}
{"level":"info","message":"GET /test-error - 4ms","timestamp":"2026-05-12 00:59:07"}
{"level":"error","message":"Тестова помилка сервера! - /test-error","timestamp":"2026-05-12 00:59:08"}
{"level":"info","message":"GET /test-error - 3ms","timestamp":"2026-05-12 00:59:08"}
{"level":"info","message":"POST /upload-multiple - 21ms","timestamp":"2026-05-12 01:04:23"}
{"level":"error","message":"Недопустимий формат файлу. Дозволено: JPG, PNG, PDF. - /upload","timestamp":"2026-05-12 01:05:41"}
{"level":"info","message":"POST /upload - 3ms","timestamp":"2026-05-12 01:05:41"}
{"level":"info","message":"Сервер працює на порту 3000","timestamp":"2026-05-12 01:10:04"}
{"level":"info","message":"Сервер працює на порту 3000","timestamp":"2026-05-12 01:10:49"}
{"level":"info","message":"Сервер працює на порту 3000","timestamp":"2026-05-12 12:06:44"}
{"level":"info","message":"GET /status - 7ms","timestamp":"2026-05-12 12:06:52"}
{"level":"error","message":"Тестова помилка сервера! - /test-error","timestamp":"2026-05-12 12:06:56"}
{"level":"info","message":"GET /test-error - 3ms","timestamp":"2026-05-12 12:06:56"}
{"level":"error","message":"File too large - /upload","timestamp":"2026-05-12 12:14:09"}
{"level":"info","message":"POST /upload - 18ms","timestamp":"2026-05-12 12:14:09"}
{"level":"info","message":"POST /upload - 4ms","timestamp":"2026-05-12 12:14:34"}
{"level":"info","message":"Сервер працює на порту 3000","timestamp":"2026-05-12 22:07:13"}
{"level":"info","message":"GET /dashboard - 6ms","timestamp":"2026-05-12 22:07:30"}
{"level":"info","message":"GET /status - 3ms","timestamp":"2026-05-12 22:07:30"}
{"level":"info","message":"GET /logs - 2ms","timestamp":"2026-05-12 22:07:30"}
{"level":"info","message":"GET /status - 2ms","timestamp":"2026-05-12 22:07:33"}
{"level":"info","message":"GET /logs - 4ms","timestamp":"2026-05-12 22:07:33"}
{"level":"info","message":"GET /status - 2ms","timestamp":"2026-05-12 22:07:36"}
{"level":"info","message":"GET /logs - 1ms","timestamp":"2026-05-12 22:07:36"}
{"level":"info","message":"GET /status - 1ms","timestamp":"2026-05-12 22:07:39"}
{"level":"info","message":"GET /logs - 3ms","timestamp":"2026-05-12 22:07:39"}
{"level":"info","message":"GET /status - 3ms","timestamp":"2026-05-12 22:07:42"}
{"level":"info","message":"GET /logs - 2ms","timestamp":"2026-05-12 22:07:42"}
{"level":"info","message":"GET /status - 1ms","timestamp":"2026-05-12 22:07:45"}
{"level":"info","message":"GET /logs - 2ms","timestamp":"2026-05-12 22:07:45"}
{"level":"info","message":"GET /status - 2ms","timestamp":"2026-05-12 22:07:48"}
{"level":"info","message":"GET /logs - 1ms","timestamp":"2026-05-12 22:07:48"}
{"level":"info","message":"GET /status - 2ms","timestamp":"2026-05-12 22:07:51"}
{"level":"info","message":"GET /logs - 2ms","timestamp":"2026-05-12 22:07:51"}
{"level":"info","message":"GET /status - 2ms","timestamp":"2026-05-12 22:07:54"}
{"level":"info","message":"GET /logs - 1ms","timestamp":"2026-05-12 22:07:54"}
{"level":"info","message":"GET /status - 1ms","timestamp":"2026-05-12 22:07:57"}
{"level":"info","message":"GET /logs - 2ms","timestamp":"2026-05-12 22:07:57"}
{"level":"info","message":"GET /status - 1ms","timestamp":"2026-05-12 22:08:00"}
{"level":"info","message":"GET /logs - 2ms","timestamp":"2026-05-12 22:08:00"}
{"level":"info","message":"GET /status - 2ms","timestamp":"2026-05-12 22:08:03"}
{"level":"info","message":"GET /logs - 3ms","timestamp":"2026-05-12 22:08:03"}
{"level":"info","message":"GET /status - 1ms","timestamp":"2026-05-12 22:08:06"}
{"level":"info","message":"GET /logs - 2ms","timestamp":"2026-05-12 22:08:06"}
{"level":"info","message":"GET /status - 1ms","timestamp":"2026-05-12 22:08:09"}
{"level":"info","message":"GET /logs - 1ms","timestamp":"2026-05-12 22:08:09"}
{"level":"info","message":"GET /status - 2ms","timestamp":"2026-05-12 22:08:12"}
{"level":"info","message":"GET /logs - 1ms","timestamp":"2026-05-12 22:08:12"}
{"level":"info","message":"GET /status - 2ms","timestamp":"2026-05-12 22:08:15"}
{"level":"info","message":"GET /logs - 2ms","timestamp":"2026-05-12 22:08:15"}
{"level":"info","message":"GET /status - 1ms","timestamp":"2026-05-12 22:08:18"}
{"level":"info","message":"GET /logs - 1ms","timestamp":"2026-05-12 22:08:18"}
{"level":"info","message":"GET /status - 1ms","timestamp":"2026-05-12 22:08:21"}
{"level":"info","message":"GET /logs - 1ms","timestamp":"2026-05-12 22:08:21"}
{"level":"info","message":"GET /status - 2ms","timestamp":"2026-05-12 22:08:24"}
{"level":"info","message":"GET /logs - 2ms","timestamp":"2026-05-12 22:08:24"}
{"level":"info","message":"GET /status - 2ms","timestamp":"2026-05-12 22:08:27"}
{"level":"info","message":"GET /logs - 1ms","timestamp":"2026-05-12 22:08:27"}
{"level":"info","message":"GET /status - 1ms","timestamp":"2026-05-12 22:08:30"}
{"level":"info","message":"GET /logs - 1ms","timestamp":"2026-05-12 22:08:30"}
{"level":"info","message":"GET /status - 1ms","timestamp":"2026-05-12 22:08:34"}
{"level":"info","message":"GET /logs - 1ms","timestamp":"2026-05-12 22:08:34"}
{"level":"info","message":"GET /status - 2ms","timestamp":"2026-05-12 22:08:38"}
{"level":"info","message":"GET /logs - 1ms","timestamp":"2026-05-12 22:08:38"}
{"level":"info","message":"GET /status - 2ms","timestamp":"2026-05-12 22:08:42"}
{"level":"info","message":"GET /logs - 1ms","timestamp":"2026-05-12 22:08:42"}
{"level":"info","message":"GET /status - 1ms","timestamp":"2026-05-12 22:08:53"}
{"level":"info","message":"GET /logs - 1ms","timestamp":"2026-05-12 22:08:53"}
{"level":"info","message":"GET /status - 1ms","timestamp":"2026-05-12 22:08:59"}
{"level":"info","message":"GET /logs - 1ms","timestamp":"2026-05-12 22:08:59"}
{"level":"info","message":"GET /status - 2ms","timestamp":"2026-05-12 22:09:16"}
{"level":"info","message":"GET /logs - 1ms","timestamp":"2026-05-12 22:09:16"}
{"level":"info","message":"GET /status - 2ms","timestamp":"2026-05-12 22:09:28"}
{"level":"info","message":"GET /logs - 2ms","timestamp":"2026-05-12 22:09:28"}
{"level":"info","message":"GET /status - 1ms","timestamp":"2026-05-12 22:10:01"}
{"level":"info","message":"GET /logs - 1ms","timestamp":"2026-05-12 22:10:01"}
{"level":"info","message":"GET /status - 1ms","timestamp":"2026-05-12 22:10:39"}
{"level":"info","message":"GET /logs - 1ms","timestamp":"2026-05-12 22:10:39"}
{"level":"info","message":"GET /status - 2ms","timestamp":"2026-05-12 22:10:42"}
{"level":"info","message":"GET /logs - 1ms","timestamp":"2026-05-12 22:10:42"}
{"level":"info","message":"GET /status - 1ms","timestamp":"2026-05-12 22:10:45"}
{"level":"info","message":"GET /logs - 1ms","timestamp":"2026-05-12 22:10:45"}
{"level":"info","message":"GET /apple-touch-icon-precomposed.png - 2ms","timestamp":"2026-05-12 22:10:46"}
{"level":"info","message":"GET /apple-touch-icon.png - 1ms","timestamp":"2026-05-12 22:10:46"}
{"level":"info","message":"GET /favicon.ico - 1ms","timestamp":"2026-05-12 22:10:46"}
{"level":"info","message":"GET /status - 1ms","timestamp":"2026-05-12 22:10:48"}
{"level":"info","message":"GET /logs - 1ms","timestamp":"2026-05-12 22:10:48"}
{"level":"info","message":"GET /dashboard - 1ms","timestamp":"2026-05-12 22:10:51"}
{"level":"info","message":"GET /status - 1ms","timestamp":"2026-05-12 22:10:51"}
{"level":"info","message":"GET /logs - 1ms","timestamp":"2026-05-12 22:10:51"}
{"level":"info","message":"GET /dashboard - 1ms","timestamp":"2026-05-12 22:10:52"}
{"level":"info","message":"GET /status - 0ms","timestamp":"2026-05-12 22:10:52"}
{"level":"info","message":"GET /logs - 1ms","timestamp":"2026-05-12 22:10:52"}
{"level":"info","message":"GET /status - 1ms","timestamp":"2026-05-12 22:10:55"}
{"level":"info","message":"GET /logs - 2ms","timestamp":"2026-05-12 22:10:55"}
{"level":"info","message":"GET /status - 1ms","timestamp":"2026-05-12 22:10:58"}
{"level":"info","message":"GET /logs - 1ms","timestamp":"2026-05-12 22:10:58"}
{"level":"info","message":"GET /status - 1ms","timestamp":"2026-05-12 22:11:01"}
{"level":"info","message":"GET /logs - 1ms","timestamp":"2026-05-12 22:11:01"}
{"level":"info","message":"GET /status - 1ms","timestamp":"2026-05-12 22:11:04"}
{"level":"info","message":"GET /logs - 1ms","timestamp":"2026-05-12 22:11:04"}
{"level":"info","message":"GET /status - 2ms","timestamp":"2026-05-12 22:11:07"}
{"level":"info","message":"GET /logs - 2ms","timestamp":"2026-05-12 22:11:07"}
{"level":"info","message":"GET /status - 1ms","timestamp":"2026-05-12 22:11:10"}
{"level":"info","message":"GET /logs - 1ms","timestamp":"2026-05-12 22:11:10"}
{"level":"info","message":"GET /status - 2ms","timestamp":"2026-05-12 22:11:13"}
{"level":"info","message":"GET /logs - 2ms","timestamp":"2026-05-12 22:11:13"}
{"level":"info","message":"GET /status - 1ms","timestamp":"2026-05-12 22:11:16"}
{"level":"info","message":"GET /logs - 1ms","timestamp":"2026-05-12 22:11:16"}
{"level":"info","message":"GET /status - 1ms","timestamp":"2026-05-12 22:11:19"}
{"level":"info","message":"GET /logs - 1ms","timestamp":"2026-05-12 22:11:19"}
{"level":"info","message":"GET /status - 0ms","timestamp":"2026-05-12 22:11:22"}
{"level":"info","message":"GET /logs - 2ms","timestamp":"2026-05-12 22:11:22"}
{"level":"info","message":"GET /status - 1ms","timestamp":"2026-05-12 22:11:25"}
{"level":"info","message":"GET /logs - 2ms","timestamp":"2026-05-12 22:11:25"}
{"level":"info","message":"GET /status - 1ms","timestamp":"2026-05-12 22:11:28"}
{"level":"info","message":"GET /logs - 1ms","timestamp":"2026-05-12 22:11:28"}
{"level":"info","message":"GET /status - 2ms","timestamp":"2026-05-12 22:11:31"}
{"level":"info","message":"GET /logs - 1ms","timestamp":"2026-05-12 22:11:31"}
{"level":"info","message":"GET /status - 1ms","timestamp":"2026-05-12 22:11:34"}
{"level":"info","message":"GET /logs - 2ms","timestamp":"2026-05-12 22:11:34"}
{"level":"info","message":"GET /status - 2ms","timestamp":"2026-05-12 22:11:37"}
{"level":"info","message":"GET /logs - 2ms","timestamp":"2026-05-12 22:11:37"}
{"level":"info","message":"GET /status - 2ms","timestamp":"2026-05-12 22:11:40"}
{"level":"info","message":"GET /logs - 1ms","timestamp":"2026-05-12 22:11:40"}
{"level":"info","message":"GET /status - 1ms","timestamp":"2026-05-12 22:11:43"}
{"level":"info","message":"GET /logs - 1ms","timestamp":"2026-05-12 22:11:43"}
{"level":"info","message":"GET /status - 1ms","timestamp":"2026-05-12 22:11:46"}
{"level":"info","message":"GET /logs - 1ms","timestamp":"2026-05-12 22:11:46"}
{"level":"info","message":"GET /status - 1ms","timestamp":"2026-05-12 22:11:49"}
{"level":"info","message":"GET /logs - 1ms","timestamp":"2026-05-12 22:11:49"}
{"level":"info","message":"GET /status - 2ms","timestamp":"2026-05-12 22:11:52"}
{"level":"info","message":"GET /logs - 1ms","timestamp":"2026-05-12 22:11:52"}
{"level":"info","message":"GET /status - 1ms","timestamp":"2026-05-12 22:11:55"}
{"level":"info","message":"GET /logs - 1ms","timestamp":"2026-05-12 22:11:55"}
{"level":"info","message":"GET /status - 2ms","timestamp":"2026-05-12 22:11:58"}
{"level":"info","message":"GET /logs - 1ms","timestamp":"2026-05-12 22:11:58"}
{"level":"info","message":"GET /status - 2ms","timestamp":"2026-05-12 22:12:01"}
{"level":"info","message":"GET /logs - 1ms","timestamp":"2026-05-12 22:12:01"}
{"level":"info","message":"GET /status - 1ms","timestamp":"2026-05-12 22:12:04"}
{"level":"info","message":"GET /logs - 1ms","timestamp":"2026-05-12 22:12:04"}
{"level":"info","message":"GET /status - 1ms","timestamp":"2026-05-12 22:12:07"}
{"level":"info","message":"GET /logs - 1ms","timestamp":"2026-05-12 22:12:07"}
{"level":"info","message":"GET /status - 2ms","timestamp":"2026-05-12 22:12:10"}
{"level":"info","message":"GET /logs - 1ms","timestamp":"2026-05-12 22:12:10"}
{"level":"info","message":"GET /status - 1ms","timestamp":"2026-05-12 22:12:13"}
{"level":"info","message":"GET /logs - 1ms","timestamp":"2026-05-12 22:12:13"}
